rp_marcel_rigged_003_yup_t.fbx.gltf
rp_liz_rigged_001_yup_t.fbx.gltf
rp_victoria_rigged_002_yup_t.fbx.gltf
rp_philip_rigged_001_yup_t.fbx.gltf
rp_rin_rigged_010_yup_t.fbx.gltf
rp_olivia_rigged_007_yup_t.fbx.gltf
rp_elena_rigged_001_yup_t.fbx.gltf
rp_jin_rigged_001_yup_t.fbx.gltf
rp_saki_rigged_005_yup_t.fbx.gltf
rp_megan_rigged_008_yup_t.fbx.gltf
rp_jessica_rigged_002_yup_t.fbx.gltf
rp_william_rigged_006_yup_t.fbx.gltf
rp_michael_rigged_004_yup_t.fbx.gltf
rp_james_rigged_009_yup_t.fbx.gltf
rp_ethan_rigged_006_yup_t.fbx.gltf
rp_jin_rigged_005_yup_t.fbx.gltf
rp_yasmin_rigged_007_yup_t.fbx.gltf
rp_karl_rigged_006_yup_t.fbx.gltf
rp_james_rigged_007_yup_t.fbx.gltf
rp_sophia_rigged_003_yup_t.fbx.gltf
rp_yasmin_rigged_011_yup_t.fbx.gltf
rp_saki_rigged_007_yup_t.fbx.gltf
rp_jin_rigged_007_yup_t.fbx.gltf
rp_tyrone_rigged_001_yup_t.fbx.gltf
rp_amber_rigged_007_yup_t.fbx.gltf
rp_otto_rigged_004_yup_t.fbx.gltf
rp_vito_rigged_002_yup_t.fbx.gltf
rp_kylie_rigged_001_yup_t.fbx.gltf
rp_simon_rigged_001_yup_t.fbx.gltf
rp_michelle_rigged_005_yup_t.fbx.gltf
rp_nancy_rigged_003_yup_t.fbx.gltf
rp_mika_rigged_003_yup_t.fbx.gltf
rp_sabrina_rigged_006_yup_t.fbx.gltf
rp_sharon_rigged_003_yup_t.fbx.gltf
rp_fernanda_rigged_007_yup_t.fbx.gltf
rp_henry_rigged_008_yup_t.fbx.gltf
rp_seiko_rigged_002_yup_t.fbx.gltf
rp_christine_rigged_003_yup_t.fbx.gltf
rp_karl_rigged_004_yup_t.fbx.gltf
rp_karl_rigged_005_yup_t.fbx.gltf
rp_ryo_rigged_001_yup_t.fbx.gltf
rp_mira_rigged_003_yup_t.fbx.gltf
rp_jasper_rigged_003_yup_t.fbx.gltf
rp_olivia_rigged_005_yup_t.fbx.gltf
rp_simon_rigged_007_yup_t.fbx.gltf
rp_fabienne_rigged_005_yup_t.fbx.gltf
rp_janett_rigged_005_yup_t.fbx.gltf
rp_shawn_rigged_004_yup_t.fbx.gltf
rp_megan_rigged_001_yup_t.fbx.gltf
rp_sydney_rigged_002_yup_t.fbx.gltf
rp_koji_rigged_002_yup_t.fbx.gltf
rp_mika_rigged_008_yup_t.fbx.gltf
rp_tyrone_rigged_007_yup_t.fbx.gltf
rp_henry_rigged_002_yup_t.fbx.gltf
rp_kumar_rigged_006_yup_t.fbx.gltf
rp_isabelle_rigged_003_yup_t.fbx.gltf
rp_otto_rigged_002_yup_t.fbx.gltf
rp_seiko_rigged_003_yup_t.fbx.gltf
rp_debra_rigged_006_yup_t.fbx.gltf
rp_seiko_rigged_010_yup_t.fbx.gltf
rp_olivia_rigged_004_yup_t.fbx.gltf
rp_paige_rigged_001_yup_t.fbx.gltf
rp_simon_rigged_004_yup_t.fbx.gltf
rp_lilly_rigged_006_yup_t.fbx.gltf
rp_toshiro_rigged_006_yup_t.fbx.gltf
rp_corey_rigged_008_yup_t.fbx.gltf
rp_saki_rigged_003_yup_t.fbx.gltf
rp_isabelle_rigged_002_yup_t.fbx.gltf
rp_shawn_rigged_006_yup_t.fbx.gltf
rp_emma_rigged_003_yup_t.fbx.gltf
rp_james_rigged_002_yup_t.fbx.gltf
rp_bianca_rigged_004_yup_t.fbx.gltf
rp_kyle_rigged_001_yup_t.fbx.gltf
rp_tanja_rigged_003_yup_t.fbx.gltf
rp_sheila_rigged_009_yup_t.fbx.gltf
rp_james_rigged_008_yup_t.fbx.gltf
rp_jade_rigged_007_yup_t.fbx.gltf
rp_seiko_rigged_007_yup_t.fbx.gltf
rp_sam_rigged_001_yup_t.fbx.gltf
rp_toshiro_rigged_008_yup_t.fbx.gltf
rp_rin_rigged_007_yup_t.fbx.gltf
rp_fernanda_rigged_008_yup_t.fbx.gltf
rp_stacy_rigged_002_yup_t.fbx.gltf
rp_alexandra_rigged_003_yup_t.fbx.gltf
rp_beatrice_rigged_001_yup_t.fbx.gltf
rp_melanie_rigged_004_yup_t.fbx.gltf
rp_nathan_rigged_006_yup_t.fbx.gltf
rp_luisa_rigged_004_yup_t.fbx.gltf
rp_samantha_rigged_002_yup_t.fbx.gltf
rp_manuel_rigged_001_yup_t.fbx.gltf
rp_carla_rigged_010_yup_t.fbx.gltf
rp_corey_rigged_010_yup_t.fbx.gltf
rp_ethan_rigged_005_yup_t.fbx.gltf
rp_emma_rigged_004_yup_t.fbx.gltf
rp_maya_rigged_001_yup_t.fbx.gltf
rp_ricarda_rigged_001_yup_t.fbx.gltf
rp_tanja_rigged_004_yup_t.fbx.gltf
rp_nancy_rigged_007_yup_t.fbx.gltf
rp_holly_rigged_004_yup_t.fbx.gltf
rp_sebastian_rigged_007_yup_t.fbx.gltf
rp_saki_rigged_010_yup_t.fbx.gltf
rp_brandon_rigged_006_yup_t.fbx.gltf
rp_corey_rigged_007_yup_t.fbx.gltf
rp_lara_rigged_002_yup_t.fbx.gltf
rp_tanja_rigged_002_yup_t.fbx.gltf
rp_naomi_rigged_005_yup_t.fbx.gltf
rp_james_rigged_003_yup_t.fbx.gltf
rp_richard_rigged_001_yup_t.fbx.gltf
rp_otto_rigged_001_yup_t.fbx.gltf
rp_michelle_rigged_002_yup_t.fbx.gltf
rp_otto_rigged_003_yup_t.fbx.gltf
rp_aaron_rigged_001_yup_t.fbx.gltf
rp_tyrone_rigged_003_yup_t.fbx.gltf
rp_tenzin_rigged_002_yup_t.fbx.gltf
rp_felice_rigged_006_yup_t.fbx.gltf
rp_mason_rigged_008_yup_t.fbx.gltf
rp_brandon_rigged_003_yup_t.fbx.gltf
rp_sam_rigged_005_yup_t.fbx.gltf
rp_sophia_rigged_001_yup_t.fbx.gltf
rp_fabienne_rigged_004_yup_t.fbx.gltf
rp_beatrice_rigged_007_yup_t.fbx.gltf
rp_janett_rigged_002_yup_t.fbx.gltf
rp_kyle_rigged_003_yup_t.fbx.gltf
rp_janna_rigged_003_yup_t.fbx.gltf
rp_cody_rigged_002_yup_t.fbx.gltf
rp_mika_rigged_002_yup_t.fbx.gltf
rp_holly_rigged_005_yup_t.fbx.gltf
rp_patrick_rigged_001_yup_t.fbx.gltf
rp_toshiro_rigged_005_yup_t.fbx.gltf
rp_cody_rigged_007_yup_t.fbx.gltf
rp_sabrina_rigged_001_yup_t.fbx.gltf
rp_dennis_rigged_005_yup_t.fbx.gltf
rp_aneko_rigged_001_yup_t.fbx.gltf
rp_adanna_rigged_005_yup_t.fbx.gltf
rp_sebastian_rigged_003_yup_t.fbx.gltf
rp_alvin_rigged_003_yup_t.fbx.gltf
rp_tiffany_rigged_007_yup_t.fbx.gltf
rp_tina_rigged_005_yup_t.fbx.gltf
rp_claudia_rigged_009_yup_t.fbx.gltf
rp_olivia_rigged_003_yup_t.fbx.gltf
rp_megan_rigged_006_yup_t.fbx.gltf
rp_claudia_rigged_002_yup_t.fbx.gltf
rp_nathan_rigged_008_yup_t.fbx.gltf
rp_mira_rigged_006_yup_t.fbx.gltf
rp_yumiko_rigged_003_yup_t.fbx.gltf
rp_lilly_rigged_002_yup_t.fbx.gltf
rp_joel_rigged_004_yup_t.fbx.gltf
rp_serena_rigged_007_yup_t.fbx.gltf
rp_ellie_rigged_005_yup_t.fbx.gltf
rp_ethan_rigged_001_yup_t.fbx.gltf
rp_joyce_rigged_006_yup_t.fbx.gltf
rp_carla_rigged_006_yup_t.fbx.gltf
rp_fabienne_rigged_003_yup_t.fbx.gltf
rp_isabelle_rigged_004_yup_t.fbx.gltf
rp_tony_rigged_002_yup_t.fbx.gltf
rp_amber_rigged_004_yup_t.fbx.gltf
rp_alexandra_rigged_004_yup_t.fbx.gltf
rp_philip_rigged_010_yup_t.fbx.gltf
rp_julia_rigged_001_yup_t.fbx.gltf
rp_william_rigged_001_yup_t.fbx.gltf
rp_emily_rigged_002_yup_t.fbx.gltf
rp_michelle_rigged_006_yup_t.fbx.gltf
rp_saki_rigged_006_yup_t.fbx.gltf
rp_ethan_rigged_004_yup_t.fbx.gltf
rp_claudia_rigged_003_yup_t.fbx.gltf
rp_jasper_rigged_005_yup_t.fbx.gltf
rp_johanna_rigged_003_yup_t.fbx.gltf
rp_beatrice_rigged_006_yup_t.fbx.gltf
rp_haily_rigged_005_yup_t.fbx.gltf
rp_tony_rigged_004_yup_t.fbx.gltf
rp_melanie_rigged_005_yup_t.fbx.gltf
rp_mira_rigged_005_yup_t.fbx.gltf
rp_serena_rigged_005_yup_t.fbx.gltf
rp_dina_rigged_002_yup_t.fbx.gltf
rp_yumiko_rigged_002_yup_t.fbx.gltf
rp_bianca_rigged_002_yup_t.fbx.gltf
rp_kyle_rigged_005_yup_t.fbx.gltf
rp_mason_rigged_001_yup_t.fbx.gltf
rp_sharon_rigged_005_yup_t.fbx.gltf
rp_fernanda_rigged_006_yup_t.fbx.gltf
rp_julia_rigged_005_yup_t.fbx.gltf
rp_jasper_rigged_004_yup_t.fbx.gltf
rp_tina_rigged_002_yup_t.fbx.gltf
rp_simon_rigged_005_yup_t.fbx.gltf
rp_sophia_rigged_008_yup_t.fbx.gltf
rp_yumiko_rigged_011_yup_t.fbx.gltf
rp_christine_rigged_002_yup_t.fbx.gltf
rp_kareena_rigged_005_yup_t.fbx.gltf
rp_aneko_rigged_002_yup_t.fbx.gltf
rp_amit_rigged_010_yup_t.fbx.gltf
rp_scott_rigged_006_yup_t.fbx.gltf
rp_lilly_rigged_007_yup_t.fbx.gltf
rp_amit_rigged_012_yup_t.fbx.gltf
rp_brandon_rigged_001_yup_t.fbx.gltf
rp_ryo_rigged_003_yup_t.fbx.gltf
rp_joyce_rigged_004_yup_t.fbx.gltf
rp_henry_rigged_001_yup_t.fbx.gltf
rp_helen_rigged_001_yup_t.fbx.gltf
rp_toshiro_rigged_003_yup_t.fbx.gltf
rp_christine_rigged_009_yup_t.fbx.gltf
rp_adanna_rigged_006_yup_t.fbx.gltf
rp_tenzin_rigged_004_yup_t.fbx.gltf
rp_cornell_rigged_001_yup_t.fbx.gltf
rp_julia_rigged_002_yup_t.fbx.gltf
rp_alexandra_rigged_006_yup_t.fbx.gltf
rp_maya_rigged_005_yup_t.fbx.gltf
rp_debra_rigged_004_yup_t.fbx.gltf
rp_joel_rigged_002_yup_t.fbx.gltf
rp_luisa_rigged_001_yup_t.fbx.gltf
rp_william_rigged_005_yup_t.fbx.gltf
rp_ryo_rigged_004_yup_t.fbx.gltf
rp_mason_rigged_007_yup_t.fbx.gltf
rp_victoria_rigged_001_yup_t.fbx.gltf
rp_debra_rigged_002_yup_t.fbx.gltf
rp_johanna_rigged_007_yup_t.fbx.gltf
rp_haily_rigged_003_yup_t.fbx.gltf
rp_liz_rigged_002_yup_t.fbx.gltf
rp_fernanda_rigged_003_yup_t.fbx.gltf
rp_alison_rigged_001_yup_t.fbx.gltf
rp_karl_rigged_002_yup_t.fbx.gltf
rp_otto_rigged_008_yup_t.fbx.gltf
rp_jade_rigged_008_yup_t.fbx.gltf
rp_kumar_rigged_001_yup_t.fbx.gltf
rp_janett_rigged_004_yup_t.fbx.gltf
rp_sophia_rigged_002_yup_t.fbx.gltf
rp_isabelle_rigged_001_yup_t.fbx.gltf
rp_corey_rigged_009_yup_t.fbx.gltf
rp_maurice_rigged_002_yup_t.fbx.gltf
rp_corey_rigged_005_yup_t.fbx.gltf
rp_yumiko_rigged_010_yup_t.fbx.gltf
rp_henry_rigged_005_yup_t.fbx.gltf
rp_tina_rigged_007_yup_t.fbx.gltf
rp_paige_rigged_003_yup_t.fbx.gltf
rp_joyce_rigged_009_yup_t.fbx.gltf
rp_janna_rigged_006_yup_t.fbx.gltf
rp_lilly_rigged_004_yup_t.fbx.gltf
rp_simon_rigged_003_yup_t.fbx.gltf
rp_eric_rigged_006_yup_t.fbx.gltf
rp_joko_rigged_001_yup_t.fbx.gltf
rp_cody_rigged_001_yup_t.fbx.gltf
rp_holly_rigged_001_yup_t.fbx.gltf
rp_nancy_rigged_001_yup_t.fbx.gltf
rp_philip_rigged_005_yup_t.fbx.gltf
rp_koji_rigged_004_yup_t.fbx.gltf
rp_kumar_rigged_002_yup_t.fbx.gltf
rp_kyle_rigged_002_yup_t.fbx.gltf
rp_kai_rigged_004_yup_t.fbx.gltf
rp_koji_rigged_003_yup_t.fbx.gltf
rp_kareena_rigged_004_yup_t.fbx.gltf
rp_kai_rigged_003_yup_t.fbx.gltf
rp_emma_rigged_007_yup_t.fbx.gltf
rp_melanie_rigged_002_yup_t.fbx.gltf
rp_tina_rigged_006_yup_t.fbx.gltf
rp_yumiko_rigged_001_yup_t.fbx.gltf
rp_melanie_rigged_010_yup_t.fbx.gltf
rp_janett_rigged_008_yup_t.fbx.gltf
rp_jade_rigged_005_yup_t.fbx.gltf
rp_naomi_rigged_010_yup_t.fbx.gltf
rp_adanna_rigged_007_yup_t.fbx.gltf
rp_sam_rigged_006_yup_t.fbx.gltf
rp_charlotte_rigged_002_yup_t.fbx.gltf
rp_holly_rigged_006_yup_t.fbx.gltf
rp_sharon_rigged_006_yup_t.fbx.gltf
rp_otto_rigged_005_yup_t.fbx.gltf
rp_bianca_rigged_005_yup_t.fbx.gltf
rp_tyrone_rigged_002_yup_t.fbx.gltf
rp_felice_rigged_001_yup_t.fbx.gltf
rp_amit_rigged_001_yup_t.fbx.gltf
rp_tyrone_rigged_004_yup_t.fbx.gltf
rp_tiffany_rigged_009_yup_t.fbx.gltf
rp_olivia_rigged_002_yup_t.fbx.gltf
rp_philip_rigged_004_yup_t.fbx.gltf
rp_ryo_rigged_007_yup_t.fbx.gltf
rp_janna_rigged_005_yup_t.fbx.gltf
rp_jessica_rigged_005_yup_t.fbx.gltf
rp_maya_rigged_002_yup_t.fbx.gltf
rp_lilly_rigged_003_yup_t.fbx.gltf
rp_rakesh_rigged_005_yup_t.fbx.gltf
rp_jin_rigged_008_yup_t.fbx.gltf
rp_naomi_rigged_004_yup_t.fbx.gltf
rp_shawn_rigged_002_yup_t.fbx.gltf
rp_jessica_rigged_006_yup_t.fbx.gltf
rp_marcel_rigged_004_yup_t.fbx.gltf
rp_stephen_rigged_001_yup_t.fbx.gltf
rp_joel_rigged_007_yup_t.fbx.gltf
rp_mika_rigged_010_yup_t.fbx.gltf
rp_sheila_rigged_001_yup_t.fbx.gltf
rp_otto_rigged_007_yup_t.fbx.gltf
rp_emily_rigged_006_yup_t.fbx.gltf
rp_naomi_rigged_001_yup_t.fbx.gltf
rp_felice_rigged_005_yup_t.fbx.gltf
rp_mason_rigged_005_yup_t.fbx.gltf
rp_eric_rigged_005_yup_t.fbx.gltf
rp_sheila_rigged_002_yup_t.fbx.gltf
rp_mika_rigged_007_yup_t.fbx.gltf
rp_julia_rigged_008_yup_t.fbx.gltf
rp_serena_rigged_008_yup_t.fbx.gltf
rp_michael_rigged_009_yup_t.fbx.gltf
rp_sebastian_rigged_008_yup_t.fbx.gltf
rp_tyler_rigged_003_yup_t.fbx.gltf
rp_kai_rigged_011_yup_t.fbx.gltf
rp_carla_rigged_004_yup_t.fbx.gltf
rp_frank_rigged_001_yup_t.fbx.gltf
rp_toshiro_rigged_009_yup_t.fbx.gltf
rp_joyce_rigged_005_yup_t.fbx.gltf
rp_nancy_rigged_005_yup_t.fbx.gltf
rp_cornell_rigged_005_yup_t.fbx.gltf
rp_otto_rigged_006_yup_t.fbx.gltf
rp_philip_rigged_002_yup_t.fbx.gltf
rp_rin_rigged_001_yup_t.fbx.gltf
rp_tiffany_rigged_005_yup_t.fbx.gltf
rp_yasmin_rigged_004_yup_t.fbx.gltf
rp_carla_rigged_008_yup_t.fbx.gltf
rp_mika_rigged_006_yup_t.fbx.gltf
rp_yasmin_rigged_002_yup_t.fbx.gltf
rp_megan_rigged_007_yup_t.fbx.gltf
rp_cody_rigged_004_yup_t.fbx.gltf
rp_percy_rigged_003_yup_t.fbx.gltf
rp_jason_rigged_001_yup_t.fbx.gltf
rp_joko_rigged_004_yup_t.fbx.gltf
rp_rin_rigged_006_yup_t.fbx.gltf
rp_debra_rigged_005_yup_t.fbx.gltf
rp_fernanda_rigged_004_yup_t.fbx.gltf
rp_karl_rigged_003_yup_t.fbx.gltf
rp_dina_rigged_005_yup_t.fbx.gltf
rp_christine_rigged_004_yup_t.fbx.gltf
rp_nancy_rigged_004_yup_t.fbx.gltf
rp_kai_rigged_007_yup_t.fbx.gltf
rp_vito_rigged_003_yup_t.fbx.gltf
rp_carla_rigged_003_yup_t.fbx.gltf
rp_beatrice_rigged_003_yup_t.fbx.gltf
rp_naomi_rigged_007_yup_t.fbx.gltf
rp_janett_rigged_001_yup_t.fbx.gltf
rp_rin_rigged_009_yup_t.fbx.gltf
rp_beatrice_rigged_010_yup_t.fbx.gltf
rp_jessica_rigged_007_yup_t.fbx.gltf
rp_kai_rigged_009_yup_t.fbx.gltf
rp_corey_rigged_006_yup_t.fbx.gltf
rp_william_rigged_002_yup_t.fbx.gltf
rp_joko_rigged_002_yup_t.fbx.gltf
rp_sydney_rigged_003_yup_t.fbx.gltf
rp_sheila_rigged_008_yup_t.fbx.gltf
rp_dennis_rigged_007_yup_t.fbx.gltf
rp_tiffany_rigged_008_yup_t.fbx.gltf
rp_johanna_rigged_004_yup_t.fbx.gltf
rp_johanna_rigged_005_yup_t.fbx.gltf
rp_mika_rigged_004_yup_t.fbx.gltf
rp_henry_rigged_006_yup_t.fbx.gltf
rp_ethan_rigged_002_yup_t.fbx.gltf
rp_luisa_rigged_005_yup_t.fbx.gltf
rp_yasmin_rigged_003_yup_t.fbx.gltf
rp_naomi_rigged_006_yup_t.fbx.gltf
rp_fernanda_rigged_002_yup_t.fbx.gltf
rp_tori_rigged_001_yup_t.fbx.gltf
rp_jasper_rigged_002_yup_t.fbx.gltf
rp_janna_rigged_007_yup_t.fbx.gltf
rp_noah_rigged_001_yup_t.fbx.gltf
rp_kyle_rigged_006_yup_t.fbx.gltf
rp_henry_rigged_003_yup_t.fbx.gltf
rp_claudia_rigged_004_yup_t.fbx.gltf
rp_sydney_rigged_005_yup_t.fbx.gltf
rp_amit_rigged_011_yup_t.fbx.gltf
rp_ellie_rigged_007_yup_t.fbx.gltf
rp_claudia_rigged_005_yup_t.fbx.gltf
rp_olivia_rigged_001_yup_t.fbx.gltf
rp_tyler_rigged_004_yup_t.fbx.gltf
rp_sydney_rigged_001_yup_t.fbx.gltf
rp_james_rigged_005_yup_t.fbx.gltf
rp_joyce_rigged_001_yup_t.fbx.gltf
rp_tony_rigged_003_yup_t.fbx.gltf
rp_michael_rigged_003_yup_t.fbx.gltf
rp_sabrina_rigged_003_yup_t.fbx.gltf
rp_kareena_rigged_001_yup_t.fbx.gltf
rp_michael_rigged_002_yup_t.fbx.gltf
rp_simon_rigged_006_yup_t.fbx.gltf
rp_sheila_rigged_003_yup_t.fbx.gltf
rp_sebastian_rigged_004_yup_t.fbx.gltf
rp_seiko_rigged_008_yup_t.fbx.gltf
rp_tony_rigged_001_yup_t.fbx.gltf
rp_ricarda_rigged_003_yup_t.fbx.gltf
rp_philip_rigged_008_yup_t.fbx.gltf
rp_kumar_rigged_003_yup_t.fbx.gltf
rp_melanie_rigged_007_yup_t.fbx.gltf
rp_sebastian_rigged_001_yup_t.fbx.gltf
rp_noah_rigged_002_yup_t.fbx.gltf
rp_percy_rigged_001_yup_t.fbx.gltf
rp_felice_rigged_004_yup_t.fbx.gltf
rp_tony_rigged_006_yup_t.fbx.gltf
rp_kai_rigged_006_yup_t.fbx.gltf
rp_thomas_rigged_004_yup_t.fbx.gltf
rp_sebastian_rigged_005_yup_t.fbx.gltf
rp_janett_rigged_003_yup_t.fbx.gltf
rp_henry_rigged_007_yup_t.fbx.gltf
rp_jamal_rigged_007_yup_t.fbx.gltf
rp_marcel_rigged_005_yup_t.fbx.gltf
rp_fiona_rigged_001_yup_t.fbx.gltf
rp_mika_rigged_009_yup_t.fbx.gltf
rp_melanie_rigged_008_yup_t.fbx.gltf
rp_nagy_rigged_001_yup_t.fbx.gltf
rp_rin_rigged_005_yup_t.fbx.gltf
rp_melanie_rigged_006_yup_t.fbx.gltf
rp_yumiko_rigged_004_yup_t.fbx.gltf
rp_amber_rigged_001_yup_t.fbx.gltf
rp_maurice_rigged_003_yup_t.fbx.gltf
rp_claudia_rigged_008_yup_t.fbx.gltf
rp_joel_rigged_006_yup_t.fbx.gltf
rp_brandon_rigged_004_yup_t.fbx.gltf
rp_yumiko_rigged_007_yup_t.fbx.gltf
rp_michelle_rigged_003_yup_t.fbx.gltf
rp_cody_rigged_008_yup_t.fbx.gltf
rp_alexandra_rigged_007_yup_t.fbx.gltf
rp_neil_rigged_001_yup_t.fbx.gltf
rp_joel_rigged_001_yup_t.fbx.gltf
rp_neil_rigged_006_yup_t.fbx.gltf
rp_stacy_rigged_001_yup_t.fbx.gltf
rp_carla_rigged_002_yup_t.fbx.gltf
rp_sharon_rigged_002_yup_t.fbx.gltf
rp_jasper_rigged_001_yup_t.fbx.gltf
rp_ricarda_rigged_004_yup_t.fbx.gltf
rp_cornell_rigged_003_yup_t.fbx.gltf
rp_rick_rigged_002_yup_t.fbx.gltf
rp_victoria_rigged_005_yup_t.fbx.gltf
rp_neil_rigged_005_yup_t.fbx.gltf
rp_percy_rigged_002_yup_t.fbx.gltf
rp_cornell_rigged_006_yup_t.fbx.gltf
rp_serena_rigged_003_yup_t.fbx.gltf
rp_michelle_rigged_007_yup_t.fbx.gltf
rp_hannah_rigged_001_yup_t.fbx.gltf
rp_tiffany_rigged_001_yup_t.fbx.gltf
rp_paige_rigged_002_yup_t.fbx.gltf
rp_carla_rigged_001_yup_t.fbx.gltf
rp_melanie_rigged_009_yup_t.fbx.gltf
rp_isabelle_rigged_007_yup_t.fbx.gltf
rp_johanna_rigged_002_yup_t.fbx.gltf
rp_thomas_rigged_005_yup_t.fbx.gltf
rp_eve_rigged_001_yup_t.fbx.gltf
rp_holly_rigged_002_yup_t.fbx.gltf
rp_alvin_rigged_005_yup_t.fbx.gltf
rp_sydney_rigged_008_yup_t.fbx.gltf
rp_eric_rigged_003_yup_t.fbx.gltf
rp_luisa_rigged_002_yup_t.fbx.gltf
rp_toshiro_rigged_004_yup_t.fbx.gltf
rp_michelle_rigged_001_yup_t.fbx.gltf
rp_sophia_rigged_006_yup_t.fbx.gltf
rp_philip_rigged_003_yup_t.fbx.gltf
rp_amber_rigged_005_yup_t.fbx.gltf
rp_seiko_rigged_004_yup_t.fbx.gltf
rp_stacy_rigged_003_yup_t.fbx.gltf
rp_william_rigged_003_yup_t.fbx.gltf
rp_emily_rigged_004_yup_t.fbx.gltf
rp_dennis_rigged_004_yup_t.fbx.gltf
rp_emily_rigged_003_yup_t.fbx.gltf
rp_maurice_rigged_006_yup_t.fbx.gltf
rp_jessica_rigged_003_yup_t.fbx.gltf
rp_haily_rigged_004_yup_t.fbx.gltf
rp_julia_rigged_006_yup_t.fbx.gltf
rp_isabelle_rigged_008_yup_t.fbx.gltf
rp_lara_rigged_006_yup_t.fbx.gltf
rp_nathan_rigged_007_yup_t.fbx.gltf
rp_claudia_rigged_007_yup_t.fbx.gltf
rp_adanna_rigged_003_yup_t.fbx.gltf
rp_corey_rigged_003_yup_t.fbx.gltf
rp_tyrone_rigged_008_yup_t.fbx.gltf
rp_melanie_rigged_003_yup_t.fbx.gltf
rp_emma_rigged_001_yup_t.fbx.gltf
rp_neil_rigged_004_yup_t.fbx.gltf
rp_victoria_rigged_004_yup_t.fbx.gltf
rp_adanna_rigged_004_yup_t.fbx.gltf
rp_ryo_rigged_002_yup_t.fbx.gltf
rp_luisa_rigged_006_yup_t.fbx.gltf
rp_james_rigged_001_yup_t.fbx.gltf
rp_saki_rigged_002_yup_t.fbx.gltf
rp_emma_rigged_011_yup_t.fbx.gltf
rp_jessica_rigged_009_yup_t.fbx.gltf
rp_tori_rigged_003_yup_t.fbx.gltf
rp_felice_rigged_003_yup_t.fbx.gltf
rp_amit_rigged_007_yup_t.fbx.gltf
rp_aneko_rigged_004_yup_t.fbx.gltf
rp_beatrice_rigged_004_yup_t.fbx.gltf
rp_shawn_rigged_003_yup_t.fbx.gltf
rp_carla_rigged_009_yup_t.fbx.gltf
rp_sheila_rigged_005_yup_t.fbx.gltf
rp_ricarda_rigged_002_yup_t.fbx.gltf
rp_nathan_rigged_001_yup_t.fbx.gltf
rp_marcel_rigged_007_yup_t.fbx.gltf
rp_koji_rigged_001_yup_t.fbx.gltf
rp_jin_rigged_002_yup_t.fbx.gltf
rp_neil_rigged_003_yup_t.fbx.gltf
rp_lara_rigged_004_yup_t.fbx.gltf
rp_stacy_rigged_004_yup_t.fbx.gltf
rp_beatrice_rigged_002_yup_t.fbx.gltf
rp_ricarda_rigged_006_yup_t.fbx.gltf
rp_tanja_rigged_001_yup_t.fbx.gltf
rp_tiffany_rigged_006_yup_t.fbx.gltf
rp_sydney_rigged_009_yup_t.fbx.gltf
rp_frank_rigged_002_yup_t.fbx.gltf
rp_nathan_rigged_002_yup_t.fbx.gltf
rp_tyler_rigged_002_yup_t.fbx.gltf
rp_tori_rigged_006_yup_t.fbx.gltf
rp_ethan_rigged_003_yup_t.fbx.gltf
rp_charlotte_rigged_001_yup_t.fbx.gltf
rp_janna_rigged_002_yup_t.fbx.gltf
rp_lara_rigged_003_yup_t.fbx.gltf
rp_janna_rigged_004_yup_t.fbx.gltf
rp_dennis_rigged_002_yup_t.fbx.gltf
rp_sheila_rigged_004_yup_t.fbx.gltf
rp_mira_rigged_001_yup_t.fbx.gltf
rp_mira_rigged_002_yup_t.fbx.gltf
rp_sydney_rigged_006_yup_t.fbx.gltf
rp_toshiro_rigged_001_yup_t.fbx.gltf
rp_jamal_rigged_003_yup_t.fbx.gltf
rp_christine_rigged_005_yup_t.fbx.gltf
rp_yumiko_rigged_006_yup_t.fbx.gltf
rp_sabrina_rigged_002_yup_t.fbx.gltf
rp_ralph_rigged_002_yup_t.fbx.gltf
rp_mira_rigged_004_yup_t.fbx.gltf
rp_julia_rigged_007_yup_t.fbx.gltf
rp_kumar_rigged_005_yup_t.fbx.gltf
rp_cody_rigged_003_yup_t.fbx.gltf
rp_naomi_rigged_009_yup_t.fbx.gltf
rp_alvin_rigged_004_yup_t.fbx.gltf
rp_naomi_rigged_003_yup_t.fbx.gltf
rp_serena_rigged_002_yup_t.fbx.gltf
rp_megan_rigged_003_yup_t.fbx.gltf
rp_amit_rigged_006_yup_t.fbx.gltf
rp_emily_rigged_001_yup_t.fbx.gltf
rp_saki_rigged_001_yup_t.fbx.gltf
rp_brandon_rigged_002_yup_t.fbx.gltf
rp_thomas_rigged_001_yup_t.fbx.gltf
rp_maya_rigged_006_yup_t.fbx.gltf
rp_marcel_rigged_002_yup_t.fbx.gltf
rp_marcel_rigged_006_yup_t.fbx.gltf
rp_joyce_rigged_008_yup_t.fbx.gltf
rp_holly_rigged_003_yup_t.fbx.gltf
rp_naomi_rigged_008_yup_t.fbx.gltf
rp_joyce_rigged_002_yup_t.fbx.gltf
rp_jade_rigged_009_yup_t.fbx.gltf
rp_debra_rigged_003_yup_t.fbx.gltf
rp_yasmin_rigged_001_yup_t.fbx.gltf
rp_adanna_rigged_002_yup_t.fbx.gltf
rp_rin_rigged_008_yup_t.fbx.gltf
rp_carla_rigged_005_yup_t.fbx.gltf
rp_toshiro_rigged_002_yup_t.fbx.gltf
rp_corey_rigged_001_yup_t.fbx.gltf
rp_rakesh_rigged_006_yup_t.fbx.gltf
rp_elena_rigged_002_yup_t.fbx.gltf
rp_jin_rigged_003_yup_t.fbx.gltf
rp_sydney_rigged_010_yup_t.fbx.gltf
rp_claudia_rigged_010_yup_t.fbx.gltf
rp_emma_rigged_008_yup_t.fbx.gltf
rp_philip_rigged_006_yup_t.fbx.gltf
rp_amit_rigged_002_yup_t.fbx.gltf
rp_sheila_rigged_007_yup_t.fbx.gltf
rp_ellie_rigged_003_yup_t.fbx.gltf
rp_neil_rigged_002_yup_t.fbx.gltf
rp_fernanda_rigged_001_yup_t.fbx.gltf
rp_rin_rigged_003_yup_t.fbx.gltf
rp_megan_rigged_005_yup_t.fbx.gltf
rp_simon_rigged_008_yup_t.fbx.gltf
rp_paige_rigged_004_yup_t.fbx.gltf
rp_haily_rigged_001_yup_t.fbx.gltf
rp_martha_rigged_001_yup_t.fbx.gltf
rp_serena_rigged_006_yup_t.fbx.gltf
rp_ryo_rigged_005_yup_t.fbx.gltf
rp_kai_rigged_008_yup_t.fbx.gltf
rp_fernanda_rigged_005_yup_t.fbx.gltf
rp_tina_rigged_004_yup_t.fbx.gltf
rp_james_rigged_011_yup_t.fbx.gltf
rp_sabrina_rigged_008_yup_t.fbx.gltf
rp_bianca_rigged_006_yup_t.fbx.gltf
rp_olivia_rigged_008_yup_t.fbx.gltf
rp_kai_rigged_005_yup_t.fbx.gltf
rp_alexandra_rigged_002_yup_t.fbx.gltf
rp_yasmin_rigged_009_yup_t.fbx.gltf
rp_alexandra_rigged_005_yup_t.fbx.gltf
rp_johanna_rigged_001_yup_t.fbx.gltf
rp_lilly_rigged_001_yup_t.fbx.gltf
rp_tori_rigged_004_yup_t.fbx.gltf
rp_maya_rigged_003_yup_t.fbx.gltf
rp_sophia_rigged_007_yup_t.fbx.gltf
rp_bianca_rigged_003_yup_t.fbx.gltf
rp_jessica_rigged_001_yup_t.fbx.gltf
rp_kareena_rigged_003_yup_t.fbx.gltf
rp_noah_rigged_003_yup_t.fbx.gltf
rp_haily_rigged_002_yup_t.fbx.gltf
rp_carla_rigged_007_yup_t.fbx.gltf
rp_emma_rigged_005_yup_t.fbx.gltf
rp_emma_rigged_002_yup_t.fbx.gltf
rp_roberta_rigged_001_yup_t.fbx.gltf
rp_jessica_rigged_004_yup_t.fbx.gltf
rp_tina_rigged_001_yup_t.fbx.gltf
rp_dina_rigged_004_yup_t.fbx.gltf
rp_debra_rigged_001_yup_t.fbx.gltf
rp_michael_rigged_006_yup_t.fbx.gltf
rp_jamal_rigged_001_yup_t.fbx.gltf
rp_rick_rigged_001_yup_t.fbx.gltf
rp_corey_rigged_004_yup_t.fbx.gltf
rp_joel_rigged_005_yup_t.fbx.gltf
rp_julia_rigged_004_yup_t.fbx.gltf
rp_yasmin_rigged_010_yup_t.fbx.gltf
rp_koji_rigged_005_yup_t.fbx.gltf
rp_shawn_rigged_001_yup_t.fbx.gltf
rp_ralph_rigged_001_yup_t.fbx.gltf
rp_mason_rigged_004_yup_t.fbx.gltf
rp_amit_rigged_008_yup_t.fbx.gltf
rp_kareena_rigged_002_yup_t.fbx.gltf
rp_cody_rigged_006_yup_t.fbx.gltf
rp_tenzin_rigged_001_yup_t.fbx.gltf
rp_fabienne_rigged_002_yup_t.fbx.gltf
rp_tiffany_rigged_003_yup_t.fbx.gltf
rp_jamal_rigged_005_yup_t.fbx.gltf
rp_naomi_rigged_002_yup_t.fbx.gltf
rp_sabrina_rigged_007_yup_t.fbx.gltf
rp_vito_rigged_001_yup_t.fbx.gltf
rp_janett_rigged_007_yup_t.fbx.gltf
rp_sophia_rigged_004_yup_t.fbx.gltf
rp_jade_rigged_006_yup_t.fbx.gltf
rp_janna_rigged_001_yup_t.fbx.gltf
rp_tiffany_rigged_004_yup_t.fbx.gltf
rp_adanna_rigged_001_yup_t.fbx.gltf
rp_tori_rigged_002_yup_t.fbx.gltf
rp_tyrone_rigged_005_yup_t.fbx.gltf
rp_rin_rigged_002_yup_t.fbx.gltf
rp_beatrice_rigged_009_yup_t.fbx.gltf
rp_alvin_rigged_002_yup_t.fbx.gltf
rp_debra_rigged_007_yup_t.fbx.gltf
rp_jamal_rigged_002_yup_t.fbx.gltf
rp_amber_rigged_003_yup_t.fbx.gltf
rp_scott_rigged_001_yup_t.fbx.gltf
rp_simon_rigged_002_yup_t.fbx.gltf
rp_saki_rigged_008_yup_t.fbx.gltf
rp_rakesh_rigged_003_yup_t.fbx.gltf
rp_luisa_rigged_003_yup_t.fbx.gltf
rp_ellie_rigged_004_yup_t.fbx.gltf
rp_jade_rigged_004_yup_t.fbx.gltf
rp_tyler_rigged_001_yup_t.fbx.gltf
rp_ellie_rigged_006_yup_t.fbx.gltf
rp_cornell_rigged_004_yup_t.fbx.gltf
rp_rin_rigged_011_yup_t.fbx.gltf
rp_lilly_rigged_005_yup_t.fbx.gltf
rp_james_rigged_006_yup_t.fbx.gltf
rp_tanja_rigged_005_yup_t.fbx.gltf
rp_christine_rigged_008_yup_t.fbx.gltf
rp_maya_rigged_004_yup_t.fbx.gltf
rp_rin_rigged_004_yup_t.fbx.gltf
rp_jade_rigged_001_yup_t.fbx.gltf
rp_maurice_rigged_005_yup_t.fbx.gltf
rp_jamal_rigged_006_yup_t.fbx.gltf
rp_amit_rigged_003_yup_t.fbx.gltf
rp_amit_rigged_009_yup_t.fbx.gltf
rp_yasmin_rigged_008_yup_t.fbx.gltf
rp_mason_rigged_002_yup_t.fbx.gltf
rp_cody_rigged_005_yup_t.fbx.gltf
rp_lara_rigged_001_yup_t.fbx.gltf
rp_emma_rigged_006_yup_t.fbx.gltf
rp_alison_rigged_002_yup_t.fbx.gltf
rp_claudia_rigged_006_yup_t.fbx.gltf
rp_saki_rigged_009_yup_t.fbx.gltf
rp_seiko_rigged_006_yup_t.fbx.gltf
rp_stephen_rigged_002_yup_t.fbx.gltf
rp_henry_rigged_004_yup_t.fbx.gltf
rp_tiffany_rigged_002_yup_t.fbx.gltf
rp_sydney_rigged_004_yup_t.fbx.gltf
rp_nathan_rigged_005_yup_t.fbx.gltf
rp_toshiro_rigged_007_yup_t.fbx.gltf
rp_joel_rigged_003_yup_t.fbx.gltf
rp_rakesh_rigged_001_yup_t.fbx.gltf
rp_elena_rigged_003_yup_t.fbx.gltf
rp_percy_rigged_004_yup_t.fbx.gltf
rp_cindy_rigged_003_yup_t.fbx.gltf
rp_amber_rigged_002_yup_t.fbx.gltf
rp_maurice_rigged_004_yup_t.fbx.gltf
rp_roberta_rigged_002_yup_t.fbx.gltf
rp_bianca_rigged_001_yup_t.fbx.gltf
rp_jessica_rigged_008_yup_t.fbx.gltf
rp_eric_rigged_004_yup_t.fbx.gltf
rp_fernanda_rigged_009_yup_t.fbx.gltf
rp_michelle_rigged_004_yup_t.fbx.gltf
rp_beatrice_rigged_008_yup_t.fbx.gltf
rp_brandon_rigged_007_yup_t.fbx.gltf
rp_nathan_rigged_009_yup_t.fbx.gltf
rp_amit_rigged_005_yup_t.fbx.gltf
rp_dina_rigged_006_yup_t.fbx.gltf
rp_dina_rigged_001_yup_t.fbx.gltf
rp_jamal_rigged_004_yup_t.fbx.gltf
rp_fabienne_rigged_001_yup_t.fbx.gltf
rp_dina_rigged_003_yup_t.fbx.gltf
rp_karl_rigged_001_yup_t.fbx.gltf
rp_joko_rigged_003_yup_t.fbx.gltf
rp_serena_rigged_001_yup_t.fbx.gltf
rp_sharon_rigged_004_yup_t.fbx.gltf
rp_scott_rigged_005_yup_t.fbx.gltf
rp_sam_rigged_003_yup_t.fbx.gltf
rp_joyce_rigged_007_yup_t.fbx.gltf
rp_yasmin_rigged_005_yup_t.fbx.gltf
rp_ryo_rigged_006_yup_t.fbx.gltf
rp_melanie_rigged_001_yup_t.fbx.gltf
rp_brandon_rigged_005_yup_t.fbx.gltf
rp_amber_rigged_006_yup_t.fbx.gltf
rp_cindy_rigged_002_yup_t.fbx.gltf
rp_megan_rigged_002_yup_t.fbx.gltf
rp_kyle_rigged_004_yup_t.fbx.gltf
rp_dennis_rigged_003_yup_t.fbx.gltf
rp_seiko_rigged_009_yup_t.fbx.gltf
rp_scott_rigged_002_yup_t.fbx.gltf
rp_rakesh_rigged_002_yup_t.fbx.gltf
rp_nathan_rigged_004_yup_t.fbx.gltf
rp_mika_rigged_005_yup_t.fbx.gltf
rp_kai_rigged_002_yup_t.fbx.gltf
rp_sharon_rigged_001_yup_t.fbx.gltf
rp_yasmin_rigged_006_yup_t.fbx.gltf
rp_maurice_rigged_001_yup_t.fbx.gltf
rp_kai_rigged_010_yup_t.fbx.gltf
rp_johanna_rigged_006_yup_t.fbx.gltf
rp_amit_rigged_004_yup_t.fbx.gltf
rp_serena_rigged_004_yup_t.fbx.gltf
rp_tenzin_rigged_003_yup_t.fbx.gltf
rp_isabelle_rigged_006_yup_t.fbx.gltf
rp_tenzin_rigged_006_yup_t.fbx.gltf
rp_jade_rigged_002_yup_t.fbx.gltf
rp_megan_rigged_004_yup_t.fbx.gltf
rp_dennis_rigged_006_yup_t.fbx.gltf
rp_christine_rigged_006_yup_t.fbx.gltf
rp_james_rigged_004_yup_t.fbx.gltf
rp_beatrice_rigged_005_yup_t.fbx.gltf
rp_dennis_rigged_001_yup_t.fbx.gltf
rp_olivia_rigged_006_yup_t.fbx.gltf
rp_jin_rigged_006_yup_t.fbx.gltf
rp_sebastian_rigged_002_yup_t.fbx.gltf
rp_michael_rigged_008_yup_t.fbx.gltf
rp_alvin_rigged_001_yup_t.fbx.gltf
rp_nancy_rigged_008_yup_t.fbx.gltf
rp_seiko_rigged_005_yup_t.fbx.gltf
rp_tony_rigged_005_yup_t.fbx.gltf
rp_isabelle_rigged_005_yup_t.fbx.gltf
rp_christine_rigged_007_yup_t.fbx.gltf
rp_michael_rigged_001_yup_t.fbx.gltf
rp_cornell_rigged_002_yup_t.fbx.gltf
rp_janett_rigged_006_yup_t.fbx.gltf
rp_aneko_rigged_003_yup_t.fbx.gltf
rp_alexandra_rigged_001_yup_t.fbx.gltf
rp_emily_rigged_005_yup_t.fbx.gltf
rp_rakesh_rigged_004_yup_t.fbx.gltf
rp_caren_rigged_001_yup_t.fbx.gltf
rp_jessica_rigged_010_yup_t.fbx.gltf
rp_james_rigged_010_yup_t.fbx.gltf
rp_aneko_rigged_005_yup_t.fbx.gltf
rp_tenzin_rigged_005_yup_t.fbx.gltf
rp_marcel_rigged_001_yup_t.fbx.gltf
rp_nathan_rigged_003_yup_t.fbx.gltf
rp_victoria_rigged_006_yup_t.fbx.gltf
rp_william_rigged_004_yup_t.fbx.gltf
rp_yumiko_rigged_009_yup_t.fbx.gltf
rp_shawn_rigged_005_yup_t.fbx.gltf
rp_thomas_rigged_002_yup_t.fbx.gltf
rp_ethan_rigged_008_yup_t.fbx.gltf
rp_mason_rigged_006_yup_t.fbx.gltf
rp_scott_rigged_004_yup_t.fbx.gltf
rp_eric_rigged_001_yup_t.fbx.gltf
rp_sam_rigged_004_yup_t.fbx.gltf
rp_ellie_rigged_002_yup_t.fbx.gltf
rp_seiko_rigged_001_yup_t.fbx.gltf
rp_yumiko_rigged_005_yup_t.fbx.gltf
rp_tenzin_rigged_007_yup_t.fbx.gltf
rp_elena_rigged_004_yup_t.fbx.gltf
rp_joyce_rigged_003_yup_t.fbx.gltf
rp_richard_rigged_002_yup_t.fbx.gltf
rp_mason_rigged_003_yup_t.fbx.gltf
rp_jin_rigged_004_yup_t.fbx.gltf
rp_jamal_rigged_008_yup_t.fbx.gltf
rp_emma_rigged_010_yup_t.fbx.gltf
rp_kai_rigged_001_yup_t.fbx.gltf
rp_felice_rigged_002_yup_t.fbx.gltf
rp_tina_rigged_003_yup_t.fbx.gltf
rp_stephen_rigged_003_yup_t.fbx.gltf
rp_sam_rigged_002_yup_t.fbx.gltf
rp_lara_rigged_005_yup_t.fbx.gltf
rp_samantha_rigged_001_yup_t.fbx.gltf
rp_jason_rigged_002_yup_t.fbx.gltf
rp_sydney_rigged_007_yup_t.fbx.gltf
rp_tiffany_rigged_010_yup_t.fbx.gltf
rp_ellie_rigged_001_yup_t.fbx.gltf
rp_philip_rigged_009_yup_t.fbx.gltf
rp_tyrone_rigged_006_yup_t.fbx.gltf
rp_mika_rigged_001_yup_t.fbx.gltf
rp_sophia_rigged_005_yup_t.fbx.gltf
rp_saki_rigged_004_yup_t.fbx.gltf
rp_nancy_rigged_006_yup_t.fbx.gltf
rp_eric_rigged_002_yup_t.fbx.gltf
rp_philip_rigged_007_yup_t.fbx.gltf
rp_cindy_rigged_001_yup_t.fbx.gltf
rp_corey_rigged_002_yup_t.fbx.gltf
rp_nancy_rigged_002_yup_t.fbx.gltf
rp_sebastian_rigged_006_yup_t.fbx.gltf
rp_ricarda_rigged_005_yup_t.fbx.gltf
rp_sabrina_rigged_004_yup_t.fbx.gltf
