[0.100s] DEBUG:colcon:Command line arguments: ['/home/hollis/anaconda3/envs/metaurban/bin/colcon', 'build', '--packages-select', 'metaurban_example_bridge']
[0.100s] DEBUG:colcon:Parsed command line arguments: Namespace(log_base=None, log_level=None, verb_name='build', build_base='build', install_base='install', merge_install=False, symlink_install=False, test_result_base=None, continue_on_error=False, executor='parallel', parallel_workers=32, event_handlers=None, ignore_user_meta=False, metas=['./colcon.meta'], base_paths=['.'], packages_ignore=None, packages_ignore_regex=None, paths=None, packages_up_to=None, packages_up_to_regex=None, packages_above=None, packages_above_and_dependencies=None, packages_above_depth=None, packages_select_by_dep=None, packages_skip_by_dep=None, packages_skip_up_to=None, packages_select_build_failed=False, packages_skip_build_finished=False, packages_select_test_failures=False, packages_skip_test_passed=False, packages_select=['metaurban_example_bridge'], packages_skip=None, packages_select_regex=None, packages_skip_regex=None, packages_start=None, packages_end=None, cmake_args=None, cmake_target=None, cmake_target_skip_unavailable=False, cmake_clean_cache=False, cmake_clean_first=False, cmake_force_configure=False, ament_cmake_args=None, catkin_cmake_args=None, catkin_skip_building_tests=False, verb_parser=<colcon_defaults.argument_parser.defaults.DefaultArgumentsDecorator object at 0x7b268d790d90>, verb_extension=<colcon_core.verb.build.BuildVerb object at 0x7b268d790880>, main=<bound method BuildVerb.main of <colcon_core.verb.build.BuildVerb object at 0x7b268d790880>>)
[0.122s] Level 1:colcon.colcon_core.package_discovery:discover_packages(colcon_meta) check parameters
[0.122s] Level 1:colcon.colcon_core.package_discovery:discover_packages(recursive) check parameters
[0.122s] Level 1:colcon.colcon_core.package_discovery:discover_packages(ignore) check parameters
[0.122s] Level 1:colcon.colcon_core.package_discovery:discover_packages(path) check parameters
[0.122s] Level 1:colcon.colcon_core.package_discovery:discover_packages(colcon_meta) discover
[0.122s] Level 1:colcon.colcon_core.package_discovery:discover_packages(recursive) discover
[0.122s] INFO:colcon.colcon_core.package_discovery:Crawling recursively for packages in '/home/hollis/mnt/projects/MetaUrban-dev/bridges/ros_bridge'
[0.122s] Level 1:colcon.colcon_core.package_identification:_identify(.) by extensions ['ignore', 'ignore_ament_install']
[0.122s] Level 1:colcon.colcon_core.package_identification:_identify(.) by extension 'ignore'
[0.122s] Level 1:colcon.colcon_core.package_identification:_identify(.) by extension 'ignore_ament_install'
[0.122s] Level 1:colcon.colcon_core.package_identification:_identify(.) by extensions ['colcon_pkg']
[0.122s] Level 1:colcon.colcon_core.package_identification:_identify(.) by extension 'colcon_pkg'
[0.122s] Level 1:colcon.colcon_core.package_identification:_identify(.) by extensions ['colcon_meta']
[0.122s] Level 1:colcon.colcon_core.package_identification:_identify(.) by extension 'colcon_meta'
[0.122s] Level 1:colcon.colcon_core.package_identification:_identify(.) by extensions ['ros']
[0.122s] Level 1:colcon.colcon_core.package_identification:_identify(.) by extension 'ros'
[0.138s] Level 1:colcon.colcon_core.package_identification:_identify(.) by extensions ['cmake', 'python']
[0.138s] Level 1:colcon.colcon_core.package_identification:_identify(.) by extension 'cmake'
[0.138s] Level 1:colcon.colcon_core.package_identification:_identify(.) by extension 'python'
[0.138s] Level 1:colcon.colcon_core.package_identification:_identify(.) by extensions ['python_setup_py']
[0.139s] Level 1:colcon.colcon_core.package_identification:_identify(.) by extension 'python_setup_py'
[0.139s] Level 1:colcon.colcon_core.package_identification:_identify(build) by extensions ['ignore', 'ignore_ament_install']
[0.139s] Level 1:colcon.colcon_core.package_identification:_identify(build) by extension 'ignore'
[0.139s] Level 1:colcon.colcon_core.package_identification:_identify(build) ignored
[0.139s] Level 1:colcon.colcon_core.package_identification:_identify(build_logs) by extensions ['ignore', 'ignore_ament_install']
[0.139s] Level 1:colcon.colcon_core.package_identification:_identify(build_logs) by extension 'ignore'
[0.139s] Level 1:colcon.colcon_core.package_identification:_identify(build_logs) ignored
[0.139s] Level 1:colcon.colcon_core.package_identification:_identify(install) by extensions ['ignore', 'ignore_ament_install']
[0.139s] Level 1:colcon.colcon_core.package_identification:_identify(install) by extension 'ignore'
[0.139s] Level 1:colcon.colcon_core.package_identification:_identify(install) ignored
[0.139s] Level 1:colcon.colcon_core.package_identification:_identify(log) by extensions ['ignore', 'ignore_ament_install']
[0.139s] Level 1:colcon.colcon_core.package_identification:_identify(log) by extension 'ignore'
[0.139s] Level 1:colcon.colcon_core.package_identification:_identify(log) ignored
[0.139s] Level 1:colcon.colcon_core.package_identification:_identify(src) by extensions ['ignore', 'ignore_ament_install']
[0.139s] Level 1:colcon.colcon_core.package_identification:_identify(src) by extension 'ignore'
[0.139s] Level 1:colcon.colcon_core.package_identification:_identify(src) by extension 'ignore_ament_install'
[0.139s] Level 1:colcon.colcon_core.package_identification:_identify(src) by extensions ['colcon_pkg']
[0.139s] Level 1:colcon.colcon_core.package_identification:_identify(src) by extension 'colcon_pkg'
[0.139s] Level 1:colcon.colcon_core.package_identification:_identify(src) by extensions ['colcon_meta']
[0.139s] Level 1:colcon.colcon_core.package_identification:_identify(src) by extension 'colcon_meta'
[0.139s] Level 1:colcon.colcon_core.package_identification:_identify(src) by extensions ['ros']
[0.139s] Level 1:colcon.colcon_core.package_identification:_identify(src) by extension 'ros'
[0.139s] Level 1:colcon.colcon_core.package_identification:_identify(src) by extensions ['cmake', 'python']
[0.139s] Level 1:colcon.colcon_core.package_identification:_identify(src) by extension 'cmake'
[0.139s] Level 1:colcon.colcon_core.package_identification:_identify(src) by extension 'python'
[0.139s] Level 1:colcon.colcon_core.package_identification:_identify(src) by extensions ['python_setup_py']
[0.139s] Level 1:colcon.colcon_core.package_identification:_identify(src) by extension 'python_setup_py'
[0.139s] Level 1:colcon.colcon_core.package_identification:_identify(src/metaurban_example_bridge) by extensions ['ignore', 'ignore_ament_install']
[0.139s] Level 1:colcon.colcon_core.package_identification:_identify(src/metaurban_example_bridge) by extension 'ignore'
[0.139s] Level 1:colcon.colcon_core.package_identification:_identify(src/metaurban_example_bridge) by extension 'ignore_ament_install'
[0.139s] Level 1:colcon.colcon_core.package_identification:_identify(src/metaurban_example_bridge) by extensions ['colcon_pkg']
[0.139s] Level 1:colcon.colcon_core.package_identification:_identify(src/metaurban_example_bridge) by extension 'colcon_pkg'
[0.140s] Level 1:colcon.colcon_core.package_identification:_identify(src/metaurban_example_bridge) by extensions ['colcon_meta']
[0.140s] Level 1:colcon.colcon_core.package_identification:_identify(src/metaurban_example_bridge) by extension 'colcon_meta'
[0.140s] Level 1:colcon.colcon_core.package_identification:_identify(src/metaurban_example_bridge) by extensions ['ros']
[0.140s] Level 1:colcon.colcon_core.package_identification:_identify(src/metaurban_example_bridge) by extension 'ros'
[0.140s] Level 1:colcon.colcon_core.package_identification:_identify(src/metaurban_example_bridge) by extensions ['cmake', 'python']
[0.140s] Level 1:colcon.colcon_core.package_identification:_identify(src/metaurban_example_bridge) by extension 'cmake'
[0.140s] Level 1:colcon.colcon_core.package_identification:_identify(src/metaurban_example_bridge) by extension 'python'
[0.140s] DEBUG:colcon.colcon_core.package_identification:Python package in 'src/metaurban_example_bridge' passes arguments to the setup() function which requires a different identification extension than 'python'
[0.140s] Level 1:colcon.colcon_core.package_identification:_identify(src/metaurban_example_bridge) by extensions ['python_setup_py']
[0.140s] Level 1:colcon.colcon_core.package_identification:_identify(src/metaurban_example_bridge) by extension 'python_setup_py'
[0.334s] DEBUG:colcon.colcon_core.package_identification:Package 'src/metaurban_example_bridge' with type 'python' and name 'metaurban_example_bridge'
[0.334s] Level 1:colcon.colcon_core.package_discovery:discover_packages(recursive) using defaults
[0.334s] Level 1:colcon.colcon_core.package_discovery:discover_packages(ignore) discover
[0.334s] Level 1:colcon.colcon_core.package_discovery:discover_packages(ignore) using defaults
[0.334s] Level 1:colcon.colcon_core.package_discovery:discover_packages(path) discover
[0.334s] Level 1:colcon.colcon_core.package_discovery:discover_packages(path) using defaults
[0.347s] Level 5:colcon.colcon_core.verb:set package 'metaurban_example_bridge' build argument 'cmake_args' from command line to 'None'
[0.347s] Level 5:colcon.colcon_core.verb:set package 'metaurban_example_bridge' build argument 'cmake_target' from command line to 'None'
[0.347s] Level 5:colcon.colcon_core.verb:set package 'metaurban_example_bridge' build argument 'cmake_target_skip_unavailable' from command line to 'False'
[0.347s] Level 5:colcon.colcon_core.verb:set package 'metaurban_example_bridge' build argument 'cmake_clean_cache' from command line to 'False'
[0.347s] Level 5:colcon.colcon_core.verb:set package 'metaurban_example_bridge' build argument 'cmake_clean_first' from command line to 'False'
[0.347s] Level 5:colcon.colcon_core.verb:set package 'metaurban_example_bridge' build argument 'cmake_force_configure' from command line to 'False'
[0.347s] Level 5:colcon.colcon_core.verb:set package 'metaurban_example_bridge' build argument 'ament_cmake_args' from command line to 'None'
[0.347s] Level 5:colcon.colcon_core.verb:set package 'metaurban_example_bridge' build argument 'catkin_cmake_args' from command line to 'None'
[0.347s] Level 5:colcon.colcon_core.verb:set package 'metaurban_example_bridge' build argument 'catkin_skip_building_tests' from command line to 'False'
[0.347s] DEBUG:colcon.colcon_core.verb:Building package 'metaurban_example_bridge' with the following arguments: {'ament_cmake_args': None, 'build_base': '/home/hollis/mnt/projects/MetaUrban-dev/bridges/ros_bridge/build/metaurban_example_bridge', 'catkin_cmake_args': None, 'catkin_skip_building_tests': False, 'cmake_args': None, 'cmake_clean_cache': False, 'cmake_clean_first': False, 'cmake_force_configure': False, 'cmake_target': None, 'cmake_target_skip_unavailable': False, 'install_base': '/home/hollis/mnt/projects/MetaUrban-dev/bridges/ros_bridge/install/metaurban_example_bridge', 'merge_install': False, 'path': '/home/hollis/mnt/projects/MetaUrban-dev/bridges/ros_bridge/src/metaurban_example_bridge', 'symlink_install': False, 'test_result_base': None}
[0.347s] INFO:colcon.colcon_core.executor:Executing jobs using 'parallel' executor
[0.348s] DEBUG:colcon.colcon_parallel_executor.executor.parallel:run_until_complete
[0.348s] INFO:colcon.colcon_core.task.python.build:Building Python package in '/home/hollis/mnt/projects/MetaUrban-dev/bridges/ros_bridge/src/metaurban_example_bridge'
[0.350s] INFO:colcon.colcon_core.plugin_system:Skipping extension 'colcon_core.shell.bat': Not used on non-Windows systems
[0.350s] INFO:colcon.colcon_core.shell:Skip shell extension 'powershell' for command environment: Not usable outside of PowerShell
[0.350s] DEBUG:colcon.colcon_core.shell:Skip shell extension 'dsv' for command environment
[0.926s] DEBUG:colcon.colcon_core.event_handler.log_command:Invoking command in '/home/hollis/mnt/projects/MetaUrban-dev/bridges/ros_bridge/src/metaurban_example_bridge': CONDA_PROMPT_MODIFIER=(metaurban) PYTHONPATH=/home/hollis/mnt/projects/MetaUrban-dev/bridges/ros_bridge/build/metaurban_example_bridge/prefix_override:/home/hollis/anaconda3/envs/metaurban/lib/python3.10/site-packages/colcon_core/task/python/colcon_distutils_commands:/home/hollis/mnt/projects/MetaUrban-dev/bridges/ros_bridge/install/metaurban_example_bridge/lib/python3.10/site-packages:${PYTHONPATH} /home/hollis/anaconda3/envs/metaurban/bin/python -W ignore:setup.py install is deprecated -W ignore:easy_install command is deprecated setup.py egg_info --egg-base ../../build/metaurban_example_bridge build --build-base /home/hollis/mnt/projects/MetaUrban-dev/bridges/ros_bridge/build/metaurban_example_bridge/build install --record /home/hollis/mnt/projects/MetaUrban-dev/bridges/ros_bridge/build/metaurban_example_bridge/install.log --single-version-externally-managed install_data
[1.223s] DEBUG:colcon.colcon_core.event_handler.log_command:Invoked command in '/home/hollis/mnt/projects/MetaUrban-dev/bridges/ros_bridge/src/metaurban_example_bridge' returned '1': CONDA_PROMPT_MODIFIER=(metaurban) PYTHONPATH=/home/hollis/mnt/projects/MetaUrban-dev/bridges/ros_bridge/build/metaurban_example_bridge/prefix_override:/home/hollis/anaconda3/envs/metaurban/lib/python3.10/site-packages/colcon_core/task/python/colcon_distutils_commands:/home/hollis/mnt/projects/MetaUrban-dev/bridges/ros_bridge/install/metaurban_example_bridge/lib/python3.10/site-packages:${PYTHONPATH} /home/hollis/anaconda3/envs/metaurban/bin/python -W ignore:setup.py install is deprecated -W ignore:easy_install command is deprecated setup.py egg_info --egg-base ../../build/metaurban_example_bridge build --build-base /home/hollis/mnt/projects/MetaUrban-dev/bridges/ros_bridge/build/metaurban_example_bridge/build install --record /home/hollis/mnt/projects/MetaUrban-dev/bridges/ros_bridge/build/metaurban_example_bridge/install.log --single-version-externally-managed install_data
[1.233s] DEBUG:colcon.colcon_parallel_executor.executor.parallel:closing loop
[1.233s] DEBUG:colcon.colcon_parallel_executor.executor.parallel:loop closed
[1.233s] DEBUG:colcon.colcon_parallel_executor.executor.parallel:run_until_complete finished with '1'
[1.233s] DEBUG:colcon.colcon_core.event_reactor:joining thread
[1.234s] INFO:colcon.colcon_core.plugin_system:Skipping extension 'colcon_notification.desktop_notification.notify2': 'notify2' not found
[1.235s] INFO:colcon.colcon_core.plugin_system:Skipping extension 'colcon_notification.desktop_notification.terminal_notifier': Not used on non-Darwin systems
[1.235s] INFO:colcon.colcon_core.plugin_system:Skipping extension 'colcon_notification.desktop_notification.win32': Not used on non-Windows systems
[1.235s] INFO:colcon.colcon_notification.desktop_notification:Sending desktop notification using 'notify_send'
[1.285s] DEBUG:colcon.colcon_core.event_reactor:joined thread
[1.285s] INFO:colcon.colcon_core.shell:Creating prefix script '/home/hollis/mnt/projects/MetaUrban-dev/bridges/ros_bridge/install/local_setup.ps1'
[1.288s] INFO:colcon.colcon_core.shell:Creating prefix util module '/home/hollis/mnt/projects/MetaUrban-dev/bridges/ros_bridge/install/_local_setup_util_ps1.py'
[1.292s] INFO:colcon.colcon_core.shell:Creating prefix chain script '/home/hollis/mnt/projects/MetaUrban-dev/bridges/ros_bridge/install/setup.ps1'
[1.294s] INFO:colcon.colcon_core.shell:Creating prefix script '/home/hollis/mnt/projects/MetaUrban-dev/bridges/ros_bridge/install/local_setup.sh'
[1.295s] INFO:colcon.colcon_core.shell:Creating prefix util module '/home/hollis/mnt/projects/MetaUrban-dev/bridges/ros_bridge/install/_local_setup_util_sh.py'
[1.296s] INFO:colcon.colcon_core.shell:Creating prefix chain script '/home/hollis/mnt/projects/MetaUrban-dev/bridges/ros_bridge/install/setup.sh'
[1.297s] INFO:colcon.colcon_core.shell:Creating prefix script '/home/hollis/mnt/projects/MetaUrban-dev/bridges/ros_bridge/install/local_setup.bash'
[1.298s] INFO:colcon.colcon_core.shell:Creating prefix chain script '/home/hollis/mnt/projects/MetaUrban-dev/bridges/ros_bridge/install/setup.bash'
[1.299s] INFO:colcon.colcon_core.shell:Creating prefix script '/home/hollis/mnt/projects/MetaUrban-dev/bridges/ros_bridge/install/local_setup.zsh'
[1.299s] INFO:colcon.colcon_core.shell:Creating prefix chain script '/home/hollis/mnt/projects/MetaUrban-dev/bridges/ros_bridge/install/setup.zsh'
