[0.576s] Invoking command in '/home/hollis/mnt/projects/MetaUrban-dev/bridges/ros_bridge/src/metaurban_example_bridge': CONDA_PROMPT_MODIFIER=(metaurban) PYTHONPATH=/home/hollis/mnt/projects/MetaUrban-dev/bridges/ros_bridge/build/metaurban_example_bridge/prefix_override:/home/hollis/anaconda3/envs/metaurban/lib/python3.10/site-packages/colcon_core/task/python/colcon_distutils_commands:/home/hollis/mnt/projects/MetaUrban-dev/bridges/ros_bridge/install/metaurban_example_bridge/lib/python3.10/site-packages:${PYTHONPATH} /home/hollis/anaconda3/envs/metaurban/bin/python -W ignore:setup.py install is deprecated -W ignore:easy_install command is deprecated setup.py egg_info --egg-base ../../build/metaurban_example_bridge build --build-base /home/hollis/mnt/projects/MetaUrban-dev/bridges/ros_bridge/build/metaurban_example_bridge/build install --record /home/hollis/mnt/projects/MetaUrban-dev/bridges/ros_bridge/build/metaurban_example_bridge/install.log --single-version-externally-managed install_data
[0.795s] running egg_info
[0.805s] writing ../../build/metaurban_example_bridge/metaurban_example_bridge.egg-info/PKG-INFO
[0.805s] writing dependency_links to ../../build/metaurban_example_bridge/metaurban_example_bridge.egg-info/dependency_links.txt
[0.805s] writing entry points to ../../build/metaurban_example_bridge/metaurban_example_bridge.egg-info/entry_points.txt
[0.805s] writing requirements to ../../build/metaurban_example_bridge/metaurban_example_bridge.egg-info/requires.txt
[0.805s] writing top-level names to ../../build/metaurban_example_bridge/metaurban_example_bridge.egg-info/top_level.txt
[0.825s] reading manifest file '../../build/metaurban_example_bridge/metaurban_example_bridge.egg-info/SOURCES.txt'
[0.826s] writing manifest file '../../build/metaurban_example_bridge/metaurban_example_bridge.egg-info/SOURCES.txt'
[0.826s] running build
[0.826s] running build_py
[0.826s] copying metaurban_example_bridge/obj_bridge.py -> /home/hollis/mnt/projects/MetaUrban-dev/bridges/ros_bridge/build/metaurban_example_bridge/build/lib/metaurban_example_bridge
[0.826s] copying metaurban_example_bridge/lidar_bridge.py -> /home/hollis/mnt/projects/MetaUrban-dev/bridges/ros_bridge/build/metaurban_example_bridge/build/lib/metaurban_example_bridge
[0.826s] copying metaurban_example_bridge/__init__.py -> /home/hollis/mnt/projects/MetaUrban-dev/bridges/ros_bridge/build/metaurban_example_bridge/build/lib/metaurban_example_bridge
[0.826s] copying metaurban_example_bridge/camera_bridge.py -> /home/hollis/mnt/projects/MetaUrban-dev/bridges/ros_bridge/build/metaurban_example_bridge/build/lib/metaurban_example_bridge
[0.826s] running install
[0.829s] running install_lib
[0.839s] running install_data
[0.839s] copying resource/metaurban_example_bridge -> /home/hollis/mnt/projects/MetaUrban-dev/bridges/ros_bridge/install/metaurban_example_bridge/share/ament_index/resource_index/packages
[0.839s] copying launch/metaurban_example_bridge.launch.py -> /home/hollis/mnt/projects/MetaUrban-dev/bridges/ros_bridge/install/metaurban_example_bridge/share/metaurban_example_bridge
[0.839s] copying package.xml -> /home/hollis/mnt/projects/MetaUrban-dev/bridges/ros_bridge/install/metaurban_example_bridge/share/metaurban_example_bridge
[0.840s] copying rviz/default.rviz -> /home/hollis/mnt/projects/MetaUrban-dev/bridges/ros_bridge/install/metaurban_example_bridge/share/metaurban_example_bridge
[0.840s] running install_egg_info
[0.849s] removing '/home/hollis/mnt/projects/MetaUrban-dev/bridges/ros_bridge/install/metaurban_example_bridge/lib/python3.10/site-packages/metaurban_example_bridge-0.0.0-py3.10.egg-info' (and everything under it)
[0.850s] Copying ../../build/metaurban_example_bridge/metaurban_example_bridge.egg-info to /home/hollis/mnt/projects/MetaUrban-dev/bridges/ros_bridge/install/metaurban_example_bridge/lib/python3.10/site-packages/metaurban_example_bridge-0.0.0-py3.10.egg-info
[0.850s] running install_scripts
[0.912s] Installing camera_bridge script to /home/hollis/mnt/projects/MetaUrban-dev/bridges/ros_bridge/install/metaurban_example_bridge/lib/metaurban_example_bridge
[0.912s] Installing lidar_bridge script to /home/hollis/mnt/projects/MetaUrban-dev/bridges/ros_bridge/install/metaurban_example_bridge/lib/metaurban_example_bridge
[0.912s] Installing obj_bridge script to /home/hollis/mnt/projects/MetaUrban-dev/bridges/ros_bridge/install/metaurban_example_bridge/lib/metaurban_example_bridge
[0.912s] writing list of installed files to '/home/hollis/mnt/projects/MetaUrban-dev/bridges/ros_bridge/build/metaurban_example_bridge/install.log'
[0.940s] Invoked command in '/home/hollis/mnt/projects/MetaUrban-dev/bridges/ros_bridge/src/metaurban_example_bridge' returned '0': CONDA_PROMPT_MODIFIER=(metaurban) PYTHONPATH=/home/hollis/mnt/projects/MetaUrban-dev/bridges/ros_bridge/build/metaurban_example_bridge/prefix_override:/home/hollis/anaconda3/envs/metaurban/lib/python3.10/site-packages/colcon_core/task/python/colcon_distutils_commands:/home/hollis/mnt/projects/MetaUrban-dev/bridges/ros_bridge/install/metaurban_example_bridge/lib/python3.10/site-packages:${PYTHONPATH} /home/hollis/anaconda3/envs/metaurban/bin/python -W ignore:setup.py install is deprecated -W ignore:easy_install command is deprecated setup.py egg_info --egg-base ../../build/metaurban_example_bridge build --build-base /home/hollis/mnt/projects/MetaUrban-dev/bridges/ros_bridge/build/metaurban_example_bridge/build install --record /home/hollis/mnt/projects/MetaUrban-dev/bridges/ros_bridge/build/metaurban_example_bridge/install.log --single-version-externally-managed install_data
