running egg_info
creating ../../build/metaurban_example_bridge/metaurban_example_bridge.egg-info
writing ../../build/metaurban_example_bridge/metaurban_example_bridge.egg-info/PKG-INFO
writing dependency_links to ../../build/metaurban_example_bridge/metaurban_example_bridge.egg-info/dependency_links.txt
writing entry points to ../../build/metaurban_example_bridge/metaurban_example_bridge.egg-info/entry_points.txt
writing requirements to ../../build/metaurban_example_bridge/metaurban_example_bridge.egg-info/requires.txt
writing top-level names to ../../build/metaurban_example_bridge/metaurban_example_bridge.egg-info/top_level.txt
writing manifest file '../../build/metaurban_example_bridge/metaurban_example_bridge.egg-info/SOURCES.txt'
reading manifest file '../../build/metaurban_example_bridge/metaurban_example_bridge.egg-info/SOURCES.txt'
writing manifest file '../../build/metaurban_example_bridge/metaurban_example_bridge.egg-info/SOURCES.txt'
running build
running build_py
creating /home/hollis/mnt/projects/metaurban/bridges/ros_bridge/build/metaurban_example_bridge/build/lib/metaurban_example_bridge
copying metaurban_example_bridge/obj_bridge.py -> /home/hollis/mnt/projects/metaurban/bridges/ros_bridge/build/metaurban_example_bridge/build/lib/metaurban_example_bridge
copying metaurban_example_bridge/lidar_bridge.py -> /home/hollis/mnt/projects/metaurban/bridges/ros_bridge/build/metaurban_example_bridge/build/lib/metaurban_example_bridge
copying metaurban_example_bridge/__init__.py -> /home/hollis/mnt/projects/metaurban/bridges/ros_bridge/build/metaurban_example_bridge/build/lib/metaurban_example_bridge
copying metaurban_example_bridge/camera_bridge.py -> /home/hollis/mnt/projects/metaurban/bridges/ros_bridge/build/metaurban_example_bridge/build/lib/metaurban_example_bridge
running install
running install_lib
creating /home/hollis/mnt/projects/metaurban/bridges/ros_bridge/install/metaurban_example_bridge/lib/python3.10/site-packages/metaurban_example_bridge
copying /home/hollis/mnt/projects/metaurban/bridges/ros_bridge/build/metaurban_example_bridge/build/lib/metaurban_example_bridge/obj_bridge.py -> /home/hollis/mnt/projects/metaurban/bridges/ros_bridge/install/metaurban_example_bridge/lib/python3.10/site-packages/metaurban_example_bridge
copying /home/hollis/mnt/projects/metaurban/bridges/ros_bridge/build/metaurban_example_bridge/build/lib/metaurban_example_bridge/lidar_bridge.py -> /home/hollis/mnt/projects/metaurban/bridges/ros_bridge/install/metaurban_example_bridge/lib/python3.10/site-packages/metaurban_example_bridge
copying /home/hollis/mnt/projects/metaurban/bridges/ros_bridge/build/metaurban_example_bridge/build/lib/metaurban_example_bridge/__init__.py -> /home/hollis/mnt/projects/metaurban/bridges/ros_bridge/install/metaurban_example_bridge/lib/python3.10/site-packages/metaurban_example_bridge
copying /home/hollis/mnt/projects/metaurban/bridges/ros_bridge/build/metaurban_example_bridge/build/lib/metaurban_example_bridge/camera_bridge.py -> /home/hollis/mnt/projects/metaurban/bridges/ros_bridge/install/metaurban_example_bridge/lib/python3.10/site-packages/metaurban_example_bridge
byte-compiling /home/hollis/mnt/projects/metaurban/bridges/ros_bridge/install/metaurban_example_bridge/lib/python3.10/site-packages/metaurban_example_bridge/obj_bridge.py to obj_bridge.cpython-310.pyc
byte-compiling /home/hollis/mnt/projects/metaurban/bridges/ros_bridge/install/metaurban_example_bridge/lib/python3.10/site-packages/metaurban_example_bridge/lidar_bridge.py to lidar_bridge.cpython-310.pyc
byte-compiling /home/hollis/mnt/projects/metaurban/bridges/ros_bridge/install/metaurban_example_bridge/lib/python3.10/site-packages/metaurban_example_bridge/__init__.py to __init__.cpython-310.pyc
byte-compiling /home/hollis/mnt/projects/metaurban/bridges/ros_bridge/install/metaurban_example_bridge/lib/python3.10/site-packages/metaurban_example_bridge/camera_bridge.py to camera_bridge.cpython-310.pyc
running install_data
creating /home/hollis/mnt/projects/metaurban/bridges/ros_bridge/install/metaurban_example_bridge/share/ament_index/resource_index/packages
copying resource/metaurban_example_bridge -> /home/hollis/mnt/projects/metaurban/bridges/ros_bridge/install/metaurban_example_bridge/share/ament_index/resource_index/packages
copying launch/metaurban_example_bridge.launch.py -> /home/hollis/mnt/projects/metaurban/bridges/ros_bridge/install/metaurban_example_bridge/share/metaurban_example_bridge
copying launch/metaurban_image_bridge.launch.py -> /home/hollis/mnt/projects/metaurban/bridges/ros_bridge/install/metaurban_example_bridge/share/metaurban_example_bridge
copying package.xml -> /home/hollis/mnt/projects/metaurban/bridges/ros_bridge/install/metaurban_example_bridge/share/metaurban_example_bridge
copying rviz/default.rviz -> /home/hollis/mnt/projects/metaurban/bridges/ros_bridge/install/metaurban_example_bridge/share/metaurban_example_bridge
running install_egg_info
Copying ../../build/metaurban_example_bridge/metaurban_example_bridge.egg-info to /home/hollis/mnt/projects/metaurban/bridges/ros_bridge/install/metaurban_example_bridge/lib/python3.10/site-packages/metaurban_example_bridge-0.0.0-py3.10.egg-info
running install_scripts
Installing camera_bridge script to /home/hollis/mnt/projects/metaurban/bridges/ros_bridge/install/metaurban_example_bridge/lib/metaurban_example_bridge
Installing lidar_bridge script to /home/hollis/mnt/projects/metaurban/bridges/ros_bridge/install/metaurban_example_bridge/lib/metaurban_example_bridge
Installing obj_bridge script to /home/hollis/mnt/projects/metaurban/bridges/ros_bridge/install/metaurban_example_bridge/lib/metaurban_example_bridge
writing list of installed files to '/home/hollis/mnt/projects/metaurban/bridges/ros_bridge/build/metaurban_example_bridge/install.log'
